{
  "stats": {
    "suites": 1,
    "tests": 8,
    "passes": 8,
    "pending": 0,
    "failures": 0,
    "start": "2020-05-24T00:42:25.030Z",
    "end": "2020-05-24T00:42:43.106Z",
    "duration": 18076,
    "testsRegistered": 8,
    "passPercent": 100,
    "pendingPercent": 0,
    "other": 0,
    "hasOther": false,
    "skipped": 0,
    "hasSkipped": false
  },
  "results": [
    {
      "uuid": "0ef3e577-346e-475d-80ba-d282b67d287b",
      "title": "",
      "fullFile": "cypress/integration/visual-regresion.spec.js",
      "file": "cypress/integration/visual-regresion.spec.js",
      "beforeHooks": [],
      "afterHooks": [],
      "tests": [],
      "suites": [
        {
          "uuid": "dc845ea0-4243-4c25-bec4-e47db122aabc",
          "title": "Test suite",
          "fullFile": "",
          "file": "",
          "beforeHooks": [],
          "afterHooks": [],
          "tests": [
            {
              "title": "TC01: Perform login and logout",
              "fullTitle": "Test suite TC01: Perform login and logout",
              "timedOut": null,
              "duration": 1745,
              "state": "passed",
              "speed": "slow",
              "pass": true,
              "fail": false,
              "pending": false,
              "context": null,
              "code": "indexFuncs.performValidLogin(cy, targets.username, targets.password, targets.dashboardtitle);\ncy.percySnapshot('Dashboard');\ndashBoardFuncs.performLogout(cy, targets.indextitlelogin);\ncy.percySnapshot('Back to Login Page');",
              "err": {},
              "uuid": "a1547299-bc3a-4fec-a441-3279d304f06e",
              "parentUUID": "dc845ea0-4243-4c25-bec4-e47db122aabc",
              "isHook": false,
              "skipped": false
            },
            {
              "title": "TC02: Go to Rooms Overview Page & logout",
              "fullTitle": "Test suite TC02: Go to Rooms Overview Page & logout",
              "timedOut": null,
              "duration": 1764,
              "state": "passed",
              "speed": "slow",
              "pass": true,
              "fail": false,
              "pending": false,
              "context": null,
              "code": "indexFuncs.performValidLogin(cy, targets.username, targets.password, targets.dashboardtitle);\ncy.percySnapshot('Dashboard');\ndashBoardFuncs.goToRoomsOverviewPage(cy, targets.roomsoverviewtitle);\ncy.contains(targets.roomsoverviewtitle);\ncy.percySnapshot('Rooms Overview');\ndashBoardFuncs.performLogout(cy, targets.indextitlelogin);\ncy.percySnapshot('Back to Login Page');",
              "err": {},
              "uuid": "873231ff-84b9-4863-840d-64582881312d",
              "parentUUID": "dc845ea0-4243-4c25-bec4-e47db122aabc",
              "isHook": false,
              "skipped": false
            },
            {
              "title": "TC03: Go to Clients Overview Page & logout",
              "fullTitle": "Test suite TC03: Go to Clients Overview Page & logout",
              "timedOut": null,
              "duration": 1695,
              "state": "passed",
              "speed": "slow",
              "pass": true,
              "fail": false,
              "pending": false,
              "context": null,
              "code": "indexFuncs.performValidLogin(cy, targets.username, targets.password, targets.dashboardtitle);\ncy.percySnapshot('Dashboard');\ndashBoardFuncs.goToClientsOverviewPage(cy, targets.clienstoverviewtitle);\ncy.contains(targets.clienstoverviewtitle);\ncy.percySnapshot('Clients Overview');\ndashBoardFuncs.performLogout(cy, targets.indextitlelogin);\ncy.percySnapshot('Back to Login Page');",
              "err": {},
              "uuid": "c8b515e7-6158-45e4-b812-fad2633aa4ca",
              "parentUUID": "dc845ea0-4243-4c25-bec4-e47db122aabc",
              "isHook": false,
              "skipped": false
            },
            {
              "title": "TC04: Go to Bills Overview Page & logout",
              "fullTitle": "Test suite TC04: Go to Bills Overview Page & logout",
              "timedOut": null,
              "duration": 1715,
              "state": "passed",
              "speed": "slow",
              "pass": true,
              "fail": false,
              "pending": false,
              "context": null,
              "code": "indexFuncs.performValidLogin(cy, targets.username, targets.password, targets.dashboardtitle);\ncy.percySnapshot('Dashboard');\ndashBoardFuncs.goToBillsOverviewPage(cy, targets.billsoverviewtitle);\ncy.contains(targets.billsoverviewtitle);\ncy.percySnapshot('Bills Overview');\ndashBoardFuncs.performLogout(cy, targets.indextitlelogin);\ncy.percySnapshot('Back to Login Page');",
              "err": {},
              "uuid": "43dd9726-58e9-4c00-a453-fa0ad650b6b2",
              "parentUUID": "dc845ea0-4243-4c25-bec4-e47db122aabc",
              "isHook": false,
              "skipped": false
            },
            {
              "title": "TC05: Go to Reservations Overview Page & logout",
              "fullTitle": "Test suite TC05: Go to Reservations Overview Page & logout",
              "timedOut": null,
              "duration": 1778,
              "state": "passed",
              "speed": "slow",
              "pass": true,
              "fail": false,
              "pending": false,
              "context": null,
              "code": "indexFuncs.performValidLogin(cy, targets.username, targets.password, targets.dashboardtitle);\ncy.percySnapshot('Dashboard');\ndashBoardFuncs.goToReservationOverviewPage(cy, targets.reservationsoverviewtitle);\ncy.contains(targets.reservationsoverviewtitle);\ncy.percySnapshot('Reservation Overview');\ndashBoardFuncs.performLogout(cy, targets.indextitlelogin);\ncy.percySnapshot('Back to Login Page');",
              "err": {},
              "uuid": "d582084e-b0e6-460d-bb06-b0a02e009a91",
              "parentUUID": "dc845ea0-4243-4c25-bec4-e47db122aabc",
              "isHook": false,
              "skipped": false
            },
            {
              "title": "TC06: Go to Rooms Overview Page> goto create room & logout",
              "fullTitle": "Test suite TC06: Go to Rooms Overview Page> goto create room & logout",
              "timedOut": null,
              "duration": 2989,
              "state": "passed",
              "speed": "slow",
              "pass": true,
              "fail": false,
              "pending": false,
              "context": null,
              "code": "indexFuncs.performValidLogin(cy, targets.username, targets.password, targets.dashboardtitle);\ncy.percySnapshot('Dashboard');\ndashBoardFuncs.goToRoomsOverviewPage(cy, targets.roomsoverviewtitle);\ncy.percySnapshot('Rooms Overview');\nroomsOverviewFuncs.goToCreateRoomsPage(cy, targets.createroomtitle);\ncy.percySnapshot('Create Rooms page');\nnewRoomFuncs.createRoom(cy, targets.newRoomCategory, targets.newRoomNumber, targets.newFloorNumber, targets.newPrice, targets.newFeatures, targets.newRoomNumber);\ncy.percySnapshot('Rooms Overview');\nroomsOverviewFuncs.performLogout(cy);\ncy.percySnapshot('Back to Login Page');",
              "err": {},
              "uuid": "0976a8c7-c282-40f6-a196-90be6ac2a31e",
              "parentUUID": "dc845ea0-4243-4c25-bec4-e47db122aabc",
              "isHook": false,
              "skipped": false
            },
            {
              "title": "TC07: Go to Clients Overview Page> goto create client> CreateClient & logout",
              "fullTitle": "Test suite TC07: Go to Clients Overview Page> goto create client> CreateClient & logout",
              "timedOut": null,
              "duration": 3029,
              "state": "passed",
              "speed": "slow",
              "pass": true,
              "fail": false,
              "pending": false,
              "context": null,
              "code": "indexFuncs.performValidLogin(cy, targets.username, targets.password, targets.dashboardtitle);\ncy.percySnapshot('Dashboard');\ndashBoardFuncs.goToClientsOverviewPage(cy, targets.clienstoverviewtitle);\ncy.contains(targets.clienstoverviewtitle);\ncy.percySnapshot('Cliens Overview');\nclienOverviewFuncs.goToCreateClientPage(cy);\ncy.percySnapshot('New Client Page');\nnewClientFuncs.createNewClient(cy, targets.newClientname, targets.newClientEmail, targets.newClientTelefone, targets.newClientname);\ncy.percySnapshot('Cliens Overview');\nclienOverviewFuncs.performLogout(cy);\ncy.percySnapshot('Back to Login Page');",
              "err": {},
              "uuid": "4e81280e-9c97-4186-9a09-c173f72049f3",
              "parentUUID": "dc845ea0-4243-4c25-bec4-e47db122aabc",
              "isHook": false,
              "skipped": false
            },
            {
              "title": "TC08: Go to Bills Overview Page> Create a Bill & logout",
              "fullTitle": "Test suite TC08: Go to Bills Overview Page> Create a Bill & logout",
              "timedOut": null,
              "duration": 2204,
              "state": "passed",
              "speed": "slow",
              "pass": true,
              "fail": false,
              "pending": false,
              "context": null,
              "code": "var billValue = _faker[\"default\"].random.number({\n  min: 2000,\n  max: 4000\n});\nvar billsOverviewlogoutbutton = 'a.btn:nth-child(2)';\nindexFuncs.performValidLogin(cy, targets.username, targets.password, targets.dashboardtitle);\ncy.percySnapshot('Dashboard');\ndashBoardFuncs.goToBillsOverviewPage(cy, targets.billsoverviewtitle);\ncy.percySnapshot('Bill Overview Page');\nbillsOverviewFuncs.goToCreateBillsPage(cy, 'New Bill');\ncy.percySnapshot('New Bill Page'); // Create a new Bill & save\ncy.get('input').type(billValue);\ncy.get('.checkbox').click();\ncy.get('.blue').click();\ncy.contains(billValue);\ncy.percySnapshot('Bill Overview Page'); // perform a logout with Assertion\ncy.get('.user > .btn').click();\ncy.contains('Login');\ncy.percySnapshot('Back to Login Page');",
              "err": {},
              "uuid": "ce917821-1fc0-495f-a112-7f9af891a523",
              "parentUUID": "dc845ea0-4243-4c25-bec4-e47db122aabc",
              "isHook": false,
              "skipped": false
            }
          ],
          "suites": [],
          "passes": [
            "a1547299-bc3a-4fec-a441-3279d304f06e",
            "873231ff-84b9-4863-840d-64582881312d",
            "c8b515e7-6158-45e4-b812-fad2633aa4ca",
            "43dd9726-58e9-4c00-a453-fa0ad650b6b2",
            "d582084e-b0e6-460d-bb06-b0a02e009a91",
            "0976a8c7-c282-40f6-a196-90be6ac2a31e",
            "4e81280e-9c97-4186-9a09-c173f72049f3",
            "ce917821-1fc0-495f-a112-7f9af891a523"
          ],
          "failures": [],
          "pending": [],
          "skipped": [],
          "duration": 16919,
          "root": false,
          "rootEmpty": false,
          "_timeout": 2000
        }
      ],
      "passes": [],
      "failures": [],
      "pending": [],
      "skipped": [],
      "duration": 0,
      "root": true,
      "rootEmpty": true,
      "_timeout": 2000
    }
  ],
  "meta": {
    "mocha": {
      "version": "7.0.1"
    },
    "mochawesome": {
      "options": {
        "quiet": false,
        "reportFilename": "mochawesome",
        "saveHtml": true,
        "saveJson": true,
        "consoleReporter": "spec",
        "useInlineDiffs": false,
        "code": true
      },
      "version": "6.1.1"
    },
    "marge": {
      "options": {},
      "version": "5.1.0"
    }
  }
}