{
  "stats": {
    "suites": 1,
    "tests": 8,
    "passes": 0,
    "pending": 0,
    "failures": 8,
    "start": "2020-05-23T20:14:36.533Z",
    "end": "2020-05-23T20:14:48.124Z",
    "duration": 11591,
    "testsRegistered": 8,
    "passPercent": 0,
    "pendingPercent": 0,
    "other": 0,
    "hasOther": false,
    "skipped": 0,
    "hasSkipped": false
  },
  "results": [
    {
      "uuid": "685c6441-6bd3-4e37-8a85-92c4002f9b89",
      "title": "",
      "fullFile": "cypress/integration/visual-regresion.spec.js",
      "file": "cypress/integration/visual-regresion.spec.js",
      "beforeHooks": [],
      "afterHooks": [],
      "tests": [],
      "suites": [
        {
          "uuid": "ba9c1369-c849-4df9-bf50-8052bc3694b3",
          "title": "Test suite",
          "fullFile": "",
          "file": "",
          "beforeHooks": [],
          "afterHooks": [],
          "tests": [
            {
              "title": "TC01: Perform login and logout",
              "fullTitle": "Test suite TC01: Perform login and logout",
              "timedOut": null,
              "duration": 1520,
              "state": "failed",
              "speed": null,
              "pass": false,
              "fail": true,
              "pending": false,
              "context": null,
              "code": "indexFuncs.performValidLogin(cy, targets.username, targets.password, targets.dashboardtitle);\ncy.percySnapshot('Dashboard');\ndashBoardFuncs.performLogout(cy, targets.indextitlelogin);\ncy.percySnapshot('Back to Login Page');",
              "err": {
                "message": "CypressError: `cy.contains()` can only accept a string, number or regular expression.\n\nhttps://on.cypress.io/contains",
                "estack": "CypressError: `cy.contains()` can only accept a string, number or regular expression.\n\nhttps://on.cypress.io/contains\n    at cypressErr (http://localhost:3000/__cypress/runner/cypress_runner.js:146621:16)\n    at cypressErrByPath (http://localhost:3000/__cypress/runner/cypress_runner.js:146630:10)\n    at Object.throwErrByPath (http://localhost:3000/__cypress/runner/cypress_runner.js:146593:11)\n    at Context.contains (http://localhost:3000/__cypress/runner/cypress_runner.js:135336:19)\n    at Context.<anonymous> (http://localhost:3000/__cypress/runner/cypress_runner.js:144927:21)\n    at http://localhost:3000/__cypress/runner/cypress_runner.js:144402:33\n    at tryCatcher (http://localhost:3000/__cypress/runner/cypress_runner.js:9065:23)\n    at Promise._settlePromiseFromHandler (http://localhost:3000/__cypress/runner/cypress_runner.js:7000:31)\n    at Promise._settlePromise (http://localhost:3000/__cypress/runner/cypress_runner.js:7057:18)\n    at Promise._settlePromiseCtx (http://localhost:3000/__cypress/runner/cypress_runner.js:7094:10)\n    at _drainQueueStep (http://localhost:3000/__cypress/runner/cypress_runner.js:3776:12)\n    at _drainQueue (http://localhost:3000/__cypress/runner/cypress_runner.js:3765:9)\n    at Async.../../node_modules/bluebird/js/release/async.js.Async._drainQueues (http://localhost:3000/__cypress/runner/cypress_runner.js:3781:5)\n    at Async.drainQueues (http://localhost:3000/__cypress/runner/cypress_runner.js:3651:14)",
                "diff": null
              },
              "uuid": "6826c424-6a45-49d6-b09e-0f5288b81474",
              "parentUUID": "ba9c1369-c849-4df9-bf50-8052bc3694b3",
              "isHook": false,
              "skipped": false
            },
            {
              "title": "TC02: Go to Rooms Overview Page & logout",
              "fullTitle": "Test suite TC02: Go to Rooms Overview Page & logout",
              "timedOut": null,
              "duration": 1205,
              "state": "failed",
              "speed": null,
              "pass": false,
              "fail": true,
              "pending": false,
              "context": null,
              "code": "indexFuncs.performValidLogin(cy, targets.username, targets.password, targets.dashboardtitle);\ncy.percySnapshot('Dashboard');\ndashBoardFuncs.goToRoomsOverviewPage(cy, targets.roomsoverviewtitle);\ncy.contains(targets.roomsoverviewtitle);\ncy.percySnapshot('Rooms Overview');\ndashBoardFuncs.performLogout(cy, targets.indextitlelogin);\ncy.percySnapshot('Back to Login Page');",
              "err": {
                "message": "CypressError: `cy.contains()` can only accept a string, number or regular expression.\n\nhttps://on.cypress.io/contains",
                "estack": "CypressError: `cy.contains()` can only accept a string, number or regular expression.\n\nhttps://on.cypress.io/contains\n    at cypressErr (http://localhost:3000/__cypress/runner/cypress_runner.js:146621:16)\n    at cypressErrByPath (http://localhost:3000/__cypress/runner/cypress_runner.js:146630:10)\n    at Object.throwErrByPath (http://localhost:3000/__cypress/runner/cypress_runner.js:146593:11)\n    at Context.contains (http://localhost:3000/__cypress/runner/cypress_runner.js:135336:19)\n    at Context.<anonymous> (http://localhost:3000/__cypress/runner/cypress_runner.js:144927:21)\n    at http://localhost:3000/__cypress/runner/cypress_runner.js:144402:33\n    at tryCatcher (http://localhost:3000/__cypress/runner/cypress_runner.js:9065:23)\n    at Promise._settlePromiseFromHandler (http://localhost:3000/__cypress/runner/cypress_runner.js:7000:31)\n    at Promise._settlePromise (http://localhost:3000/__cypress/runner/cypress_runner.js:7057:18)\n    at Promise._settlePromiseCtx (http://localhost:3000/__cypress/runner/cypress_runner.js:7094:10)\n    at _drainQueueStep (http://localhost:3000/__cypress/runner/cypress_runner.js:3776:12)\n    at _drainQueue (http://localhost:3000/__cypress/runner/cypress_runner.js:3765:9)\n    at Async.../../node_modules/bluebird/js/release/async.js.Async._drainQueues (http://localhost:3000/__cypress/runner/cypress_runner.js:3781:5)\n    at Async.drainQueues (http://localhost:3000/__cypress/runner/cypress_runner.js:3651:14)",
                "diff": null
              },
              "uuid": "baff49e0-9a15-449d-b468-1dfb7145c195",
              "parentUUID": "ba9c1369-c849-4df9-bf50-8052bc3694b3",
              "isHook": false,
              "skipped": false
            },
            {
              "title": "TC03: Go to Clients Overview Page & logout",
              "fullTitle": "Test suite TC03: Go to Clients Overview Page & logout",
              "timedOut": null,
              "duration": 1204,
              "state": "failed",
              "speed": null,
              "pass": false,
              "fail": true,
              "pending": false,
              "context": null,
              "code": "indexFuncs.performValidLogin(cy, targets.username, targets.password, targets.dashboardtitle);\ncy.percySnapshot('Dashboard');\ndashBoardFuncs.goToClientsOverviewPage(cy, targets.clienstoverviewtitle);\ncy.contains(targets.clienstoverviewtitle);\ncy.percySnapshot('Clients Overview');\ndashBoardFuncs.performLogout(cy, targets.indextitlelogin);\ncy.percySnapshot('Back to Login Page');",
              "err": {
                "message": "CypressError: `cy.contains()` can only accept a string, number or regular expression.\n\nhttps://on.cypress.io/contains",
                "estack": "CypressError: `cy.contains()` can only accept a string, number or regular expression.\n\nhttps://on.cypress.io/contains\n    at cypressErr (http://localhost:3000/__cypress/runner/cypress_runner.js:146621:16)\n    at cypressErrByPath (http://localhost:3000/__cypress/runner/cypress_runner.js:146630:10)\n    at Object.throwErrByPath (http://localhost:3000/__cypress/runner/cypress_runner.js:146593:11)\n    at Context.contains (http://localhost:3000/__cypress/runner/cypress_runner.js:135336:19)\n    at Context.<anonymous> (http://localhost:3000/__cypress/runner/cypress_runner.js:144927:21)\n    at http://localhost:3000/__cypress/runner/cypress_runner.js:144402:33\n    at tryCatcher (http://localhost:3000/__cypress/runner/cypress_runner.js:9065:23)\n    at Promise._settlePromiseFromHandler (http://localhost:3000/__cypress/runner/cypress_runner.js:7000:31)\n    at Promise._settlePromise (http://localhost:3000/__cypress/runner/cypress_runner.js:7057:18)\n    at Promise._settlePromiseCtx (http://localhost:3000/__cypress/runner/cypress_runner.js:7094:10)\n    at _drainQueueStep (http://localhost:3000/__cypress/runner/cypress_runner.js:3776:12)\n    at _drainQueue (http://localhost:3000/__cypress/runner/cypress_runner.js:3765:9)\n    at Async.../../node_modules/bluebird/js/release/async.js.Async._drainQueues (http://localhost:3000/__cypress/runner/cypress_runner.js:3781:5)\n    at Async.drainQueues (http://localhost:3000/__cypress/runner/cypress_runner.js:3651:14)",
                "diff": null
              },
              "uuid": "f5091268-9ed7-4bc5-815a-830266f82094",
              "parentUUID": "ba9c1369-c849-4df9-bf50-8052bc3694b3",
              "isHook": false,
              "skipped": false
            },
            {
              "title": "TC04: Go to Bills Overview Page & logout",
              "fullTitle": "Test suite TC04: Go to Bills Overview Page & logout",
              "timedOut": null,
              "duration": 1223,
              "state": "failed",
              "speed": null,
              "pass": false,
              "fail": true,
              "pending": false,
              "context": null,
              "code": "indexFuncs.performValidLogin(cy, targets.username, targets.password, targets.dashboardtitle);\ncy.percySnapshot('Dashboard');\ndashBoardFuncs.goToBillsOverviewPage(cy, targets.billsoverviewtitle);\ncy.contains(targets.billsoverviewtitle);\ncy.percySnapshot('Bills Overview');\ndashBoardFuncs.performLogout(cy, targets.indextitlelogin);\ncy.percySnapshot('Back to Login Page');",
              "err": {
                "message": "CypressError: `cy.contains()` can only accept a string, number or regular expression.\n\nhttps://on.cypress.io/contains",
                "estack": "CypressError: `cy.contains()` can only accept a string, number or regular expression.\n\nhttps://on.cypress.io/contains\n    at cypressErr (http://localhost:3000/__cypress/runner/cypress_runner.js:146621:16)\n    at cypressErrByPath (http://localhost:3000/__cypress/runner/cypress_runner.js:146630:10)\n    at Object.throwErrByPath (http://localhost:3000/__cypress/runner/cypress_runner.js:146593:11)\n    at Context.contains (http://localhost:3000/__cypress/runner/cypress_runner.js:135336:19)\n    at Context.<anonymous> (http://localhost:3000/__cypress/runner/cypress_runner.js:144927:21)\n    at http://localhost:3000/__cypress/runner/cypress_runner.js:144402:33\n    at tryCatcher (http://localhost:3000/__cypress/runner/cypress_runner.js:9065:23)\n    at Promise._settlePromiseFromHandler (http://localhost:3000/__cypress/runner/cypress_runner.js:7000:31)\n    at Promise._settlePromise (http://localhost:3000/__cypress/runner/cypress_runner.js:7057:18)\n    at Promise._settlePromiseCtx (http://localhost:3000/__cypress/runner/cypress_runner.js:7094:10)\n    at _drainQueueStep (http://localhost:3000/__cypress/runner/cypress_runner.js:3776:12)\n    at _drainQueue (http://localhost:3000/__cypress/runner/cypress_runner.js:3765:9)\n    at Async.../../node_modules/bluebird/js/release/async.js.Async._drainQueues (http://localhost:3000/__cypress/runner/cypress_runner.js:3781:5)\n    at Async.drainQueues (http://localhost:3000/__cypress/runner/cypress_runner.js:3651:14)",
                "diff": null
              },
              "uuid": "1e9040b5-8e1b-40ea-8b25-5bc30e161334",
              "parentUUID": "ba9c1369-c849-4df9-bf50-8052bc3694b3",
              "isHook": false,
              "skipped": false
            },
            {
              "title": "TC05: Go to Reservations Overview Page & logout",
              "fullTitle": "Test suite TC05: Go to Reservations Overview Page & logout",
              "timedOut": null,
              "duration": 1250,
              "state": "failed",
              "speed": null,
              "pass": false,
              "fail": true,
              "pending": false,
              "context": null,
              "code": "indexFuncs.performValidLogin(cy, targets.username, targets.password, targets.dashboardtitle);\ncy.percySnapshot('Dashboard');\ndashBoardFuncs.goToReservationOverviewPage(cy, targets.reservationsoverviewtitle);\ncy.contains(targets.reservationsoverviewtitle);\ncy.percySnapshot('Reservation Overview');\ndashBoardFuncs.performLogout(cy, targets.indextitlelogin);\ncy.percySnapshot('Back to Login Page');",
              "err": {
                "message": "CypressError: `cy.contains()` can only accept a string, number or regular expression.\n\nhttps://on.cypress.io/contains",
                "estack": "CypressError: `cy.contains()` can only accept a string, number or regular expression.\n\nhttps://on.cypress.io/contains\n    at cypressErr (http://localhost:3000/__cypress/runner/cypress_runner.js:146621:16)\n    at cypressErrByPath (http://localhost:3000/__cypress/runner/cypress_runner.js:146630:10)\n    at Object.throwErrByPath (http://localhost:3000/__cypress/runner/cypress_runner.js:146593:11)\n    at Context.contains (http://localhost:3000/__cypress/runner/cypress_runner.js:135336:19)\n    at Context.<anonymous> (http://localhost:3000/__cypress/runner/cypress_runner.js:144927:21)\n    at http://localhost:3000/__cypress/runner/cypress_runner.js:144402:33\n    at tryCatcher (http://localhost:3000/__cypress/runner/cypress_runner.js:9065:23)\n    at Promise._settlePromiseFromHandler (http://localhost:3000/__cypress/runner/cypress_runner.js:7000:31)\n    at Promise._settlePromise (http://localhost:3000/__cypress/runner/cypress_runner.js:7057:18)\n    at Promise._settlePromiseCtx (http://localhost:3000/__cypress/runner/cypress_runner.js:7094:10)\n    at _drainQueueStep (http://localhost:3000/__cypress/runner/cypress_runner.js:3776:12)\n    at _drainQueue (http://localhost:3000/__cypress/runner/cypress_runner.js:3765:9)\n    at Async.../../node_modules/bluebird/js/release/async.js.Async._drainQueues (http://localhost:3000/__cypress/runner/cypress_runner.js:3781:5)\n    at Async.drainQueues (http://localhost:3000/__cypress/runner/cypress_runner.js:3651:14)",
                "diff": null
              },
              "uuid": "3c1c6fce-7e6b-4a2a-9869-8ed54c3ab5c5",
              "parentUUID": "ba9c1369-c849-4df9-bf50-8052bc3694b3",
              "isHook": false,
              "skipped": false
            },
            {
              "title": "TC06: Go to Rooms Overview Page> goto create room & logout",
              "fullTitle": "Test suite TC06: Go to Rooms Overview Page> goto create room & logout",
              "timedOut": null,
              "duration": 1322,
              "state": "failed",
              "speed": null,
              "pass": false,
              "fail": true,
              "pending": false,
              "context": null,
              "code": "indexFuncs.performValidLogin(cy, targets.username, targets.password, targets.dashboardtitle);\ncy.percySnapshot('Dashboard');\ndashBoardFuncs.goToRoomsOverviewPage(cy, targets.roomsoverviewtitle);\ncy.percySnapshot('Rooms Overview');\nroomsOverviewFuncs.goToCreateRoomsPage(cy, targets.createroomtitle);\ncy.percySnapshot('Create Rooms page');\nnewRoomFuncs.createRoom(cy, targets.newRoomCategory, targets.newRoomNumber, targets.newFloorNumber, targets.newPrice, targets.newFeatures, targets.newRoomNumber);\ncy.percySnapshot('Rooms Overview');\nroomsOverviewFuncs.performLogout(cy, targets.indextitlelogin);\ncy.percySnapshot('Back to Login Page');",
              "err": {
                "message": "CypressError: `cy.contains()` can only accept a string, number or regular expression.\n\nhttps://on.cypress.io/contains",
                "estack": "CypressError: `cy.contains()` can only accept a string, number or regular expression.\n\nhttps://on.cypress.io/contains\n    at cypressErr (http://localhost:3000/__cypress/runner/cypress_runner.js:146621:16)\n    at cypressErrByPath (http://localhost:3000/__cypress/runner/cypress_runner.js:146630:10)\n    at Object.throwErrByPath (http://localhost:3000/__cypress/runner/cypress_runner.js:146593:11)\n    at Context.contains (http://localhost:3000/__cypress/runner/cypress_runner.js:135336:19)\n    at Context.<anonymous> (http://localhost:3000/__cypress/runner/cypress_runner.js:144927:21)\n    at http://localhost:3000/__cypress/runner/cypress_runner.js:144402:33\n    at tryCatcher (http://localhost:3000/__cypress/runner/cypress_runner.js:9065:23)\n    at Promise._settlePromiseFromHandler (http://localhost:3000/__cypress/runner/cypress_runner.js:7000:31)\n    at Promise._settlePromise (http://localhost:3000/__cypress/runner/cypress_runner.js:7057:18)\n    at Promise._settlePromiseCtx (http://localhost:3000/__cypress/runner/cypress_runner.js:7094:10)\n    at _drainQueueStep (http://localhost:3000/__cypress/runner/cypress_runner.js:3776:12)\n    at _drainQueue (http://localhost:3000/__cypress/runner/cypress_runner.js:3765:9)\n    at Async.../../node_modules/bluebird/js/release/async.js.Async._drainQueues (http://localhost:3000/__cypress/runner/cypress_runner.js:3781:5)\n    at Async.drainQueues (http://localhost:3000/__cypress/runner/cypress_runner.js:3651:14)",
                "diff": null
              },
              "uuid": "3fc73158-fa93-4c95-b653-d8c482cb0cba",
              "parentUUID": "ba9c1369-c849-4df9-bf50-8052bc3694b3",
              "isHook": false,
              "skipped": false
            },
            {
              "title": "TC07: Go to Clients Overview Page> goto create client> CreateClient & logout",
              "fullTitle": "Test suite TC07: Go to Clients Overview Page> goto create client> CreateClient & logout",
              "timedOut": null,
              "duration": 1217,
              "state": "failed",
              "speed": null,
              "pass": false,
              "fail": true,
              "pending": false,
              "context": null,
              "code": "indexFuncs.performValidLogin(cy, targets.username, targets.password, targets.dashboardtitle);\ncy.percySnapshot('Dashboard');\ndashBoardFuncs.goToClientsOverviewPage(cy, targets.clienstoverviewtitle);\ncy.contains(targets.clienstoverviewtitle);\ncy.percySnapshot('Cliens Overview');\nclienOverviewFuncs.goToCreateClientPage(cy, targets.createclienttitle);\ncy.percySnapshot('New Client Page');\nnewClientFuncs.createNewClient(cy, targets.newClientname, targets.newClientEmail, targets.newClientTelefone, targets.newClientname);\ncy.percySnapshot('Cliens Overview');\nnewClientFuncs.performLogout(cy, targets.indextitlelogin);\ncy.percySnapshot('Back to Login Page');",
              "err": {
                "message": "CypressError: `cy.contains()` can only accept a string, number or regular expression.\n\nhttps://on.cypress.io/contains",
                "estack": "CypressError: `cy.contains()` can only accept a string, number or regular expression.\n\nhttps://on.cypress.io/contains\n    at cypressErr (http://localhost:3000/__cypress/runner/cypress_runner.js:146621:16)\n    at cypressErrByPath (http://localhost:3000/__cypress/runner/cypress_runner.js:146630:10)\n    at Object.throwErrByPath (http://localhost:3000/__cypress/runner/cypress_runner.js:146593:11)\n    at Context.contains (http://localhost:3000/__cypress/runner/cypress_runner.js:135336:19)\n    at Context.<anonymous> (http://localhost:3000/__cypress/runner/cypress_runner.js:144927:21)\n    at http://localhost:3000/__cypress/runner/cypress_runner.js:144402:33\n    at tryCatcher (http://localhost:3000/__cypress/runner/cypress_runner.js:9065:23)\n    at Promise._settlePromiseFromHandler (http://localhost:3000/__cypress/runner/cypress_runner.js:7000:31)\n    at Promise._settlePromise (http://localhost:3000/__cypress/runner/cypress_runner.js:7057:18)\n    at Promise._settlePromiseCtx (http://localhost:3000/__cypress/runner/cypress_runner.js:7094:10)\n    at _drainQueueStep (http://localhost:3000/__cypress/runner/cypress_runner.js:3776:12)\n    at _drainQueue (http://localhost:3000/__cypress/runner/cypress_runner.js:3765:9)\n    at Async.../../node_modules/bluebird/js/release/async.js.Async._drainQueues (http://localhost:3000/__cypress/runner/cypress_runner.js:3781:5)\n    at Async.drainQueues (http://localhost:3000/__cypress/runner/cypress_runner.js:3651:14)",
                "diff": null
              },
              "uuid": "fe9bc6d7-f2d8-4957-81d1-ef72117d4518",
              "parentUUID": "ba9c1369-c849-4df9-bf50-8052bc3694b3",
              "isHook": false,
              "skipped": false
            },
            {
              "title": "TC08: Go to Bills Overview Page> Create a Bill & logout",
              "fullTitle": "Test suite TC08: Go to Bills Overview Page> Create a Bill & logout",
              "timedOut": null,
              "duration": 1271,
              "state": "failed",
              "speed": null,
              "pass": false,
              "fail": true,
              "pending": false,
              "context": null,
              "code": "var billValue = _faker[\"default\"].random.number({\n  min: 2000,\n  max: 4000\n});\nvar billsOverviewlogoutbutton = 'a.btn:nth-child(2)';\nindexFuncs.performValidLogin(cy, targets.username, targets.password, targets.dashboardtitle);\ncy.percySnapshot('Dashboard');\ndashBoardFuncs.goToBillsOverviewPage(cy, targets.billsoverviewtitle);\ncy.percySnapshot('Bill Overview Page');\nbillsOverviewFuncs.goToCreateBillsPage(cy, 'New Bill');\ncy.percySnapshot('New Bill Page'); // Create anew Bill & save\ncy.get('input').type(billValue);\ncy.get('.checkbox').click();\ncy.get('.blue').click();\ncy.contains(billValue);\ncy.percySnapshot('Bill Overview Page'); // perform a logout with Assertion\ncy.get('.user > .btn').click();\ncy.contains('Login');\ncy.percySnapshot('Back to Login Page');",
              "err": {
                "message": "CypressError: `cy.contains()` can only accept a string, number or regular expression.\n\nhttps://on.cypress.io/contains",
                "estack": "CypressError: `cy.contains()` can only accept a string, number or regular expression.\n\nhttps://on.cypress.io/contains\n    at cypressErr (http://localhost:3000/__cypress/runner/cypress_runner.js:146621:16)\n    at cypressErrByPath (http://localhost:3000/__cypress/runner/cypress_runner.js:146630:10)\n    at Object.throwErrByPath (http://localhost:3000/__cypress/runner/cypress_runner.js:146593:11)\n    at Context.contains (http://localhost:3000/__cypress/runner/cypress_runner.js:135336:19)\n    at Context.<anonymous> (http://localhost:3000/__cypress/runner/cypress_runner.js:144927:21)\n    at http://localhost:3000/__cypress/runner/cypress_runner.js:144402:33\n    at tryCatcher (http://localhost:3000/__cypress/runner/cypress_runner.js:9065:23)\n    at Promise._settlePromiseFromHandler (http://localhost:3000/__cypress/runner/cypress_runner.js:7000:31)\n    at Promise._settlePromise (http://localhost:3000/__cypress/runner/cypress_runner.js:7057:18)\n    at Promise._settlePromiseCtx (http://localhost:3000/__cypress/runner/cypress_runner.js:7094:10)\n    at _drainQueueStep (http://localhost:3000/__cypress/runner/cypress_runner.js:3776:12)\n    at _drainQueue (http://localhost:3000/__cypress/runner/cypress_runner.js:3765:9)\n    at Async.../../node_modules/bluebird/js/release/async.js.Async._drainQueues (http://localhost:3000/__cypress/runner/cypress_runner.js:3781:5)\n    at Async.drainQueues (http://localhost:3000/__cypress/runner/cypress_runner.js:3651:14)",
                "diff": null
              },
              "uuid": "a2ad6306-4f15-49a7-9091-26eca2c263cc",
              "parentUUID": "ba9c1369-c849-4df9-bf50-8052bc3694b3",
              "isHook": false,
              "skipped": false
            }
          ],
          "suites": [],
          "passes": [],
          "failures": [
            "6826c424-6a45-49d6-b09e-0f5288b81474",
            "baff49e0-9a15-449d-b468-1dfb7145c195",
            "f5091268-9ed7-4bc5-815a-830266f82094",
            "1e9040b5-8e1b-40ea-8b25-5bc30e161334",
            "3c1c6fce-7e6b-4a2a-9869-8ed54c3ab5c5",
            "3fc73158-fa93-4c95-b653-d8c482cb0cba",
            "fe9bc6d7-f2d8-4957-81d1-ef72117d4518",
            "a2ad6306-4f15-49a7-9091-26eca2c263cc"
          ],
          "pending": [],
          "skipped": [],
          "duration": 10212,
          "root": false,
          "rootEmpty": false,
          "_timeout": 2000
        }
      ],
      "passes": [],
      "failures": [],
      "pending": [],
      "skipped": [],
      "duration": 0,
      "root": true,
      "rootEmpty": true,
      "_timeout": 2000
    }
  ],
  "meta": {
    "mocha": {
      "version": "7.0.1"
    },
    "mochawesome": {
      "options": {
        "quiet": false,
        "reportFilename": "mochawesome",
        "saveHtml": true,
        "saveJson": true,
        "consoleReporter": "spec",
        "useInlineDiffs": false,
        "code": true
      },
      "version": "6.1.1"
    },
    "marge": {
      "options": {},
      "version": "5.1.0"
    }
  }
}